
12월 05, 2022 17:25:55.367 NEW SESSION
12월 05, 2022 17:25:55.368 [15912:5868:1205/172555.365:ERROR:device_event_log_impl.cc(215)] [17:25:55.366] USB: usb_device_handle_win.cc:1045 Failed to read descriptor from node connection: 시스템에 부착된 장치가 작동하지 않습니다. (0x1F)
12월 05, 2022 17:26:51.705 [15912:1672:1205/172651.704:ERROR:util.cc(133)] Can't create base directory: C:\Program Files\Google\GoogleUpdater
12월 05, 2022 17:28:00.973 [15812:2644:1205/172800.973:ERROR:device_event_log_impl.cc(215)] [17:28:00.973] USB: usb_device_handle_win.cc:1045 Failed to read descriptor from node connection: 시스템에 부착된 장치가 작동하지 않습니다. (0x1F)
12월 05, 2022 17:28:58.09 [15812:11568:1205/172858.009:ERROR:util.cc(133)] Can't create base directory: C:\Program Files\Google\GoogleUpdater
12월 05, 2022 17:48:54.216 [3428:14420:1205/174854.216:ERROR:device_event_log_impl.cc(215)] [17:48:54.216] USB: usb_device_handle_win.cc:1045 Failed to read descriptor from node connection: 시스템에 부착된 장치가 작동하지 않습니다. (0x1F)
12월 05, 2022 17:49:51.154 [3428:4152:1205/174951.153:ERROR:util.cc(133)] Can't create base directory: C:\Program Files\Google\GoogleUpdater

12월 06, 2022 09:01:29.682 NEW SESSION
12월 06, 2022 09:01:29.682 [16956:11772:1206/090129.680:ERROR:device_event_log_impl.cc(215)] [09:01:29.680] USB: usb_device_handle_win.cc:1045 Failed to read descriptor from node connection: 시스템에 부착된 장치가 작동하지 않습니다. (0x1F)

12월 06, 2022 12:02:34.594 NEW SESSION
12월 06, 2022 12:02:34.594 [15076:10284:1206/120234.592:ERROR:device_event_log_impl.cc(215)] [12:02:34.593] USB: usb_device_handle_win.cc:1045 Failed to read descriptor from node connection: 시스템에 부착된 장치가 작동하지 않습니다. (0x1F)
12월 06, 2022 12:03:31.141 [15076:14700:1206/120331.141:ERROR:util.cc(133)] Can't create base directory: C:\Program Files\Google\GoogleUpdater
12월 06, 2022 12:09:19.119 [18076:13780:1206/120919.119:ERROR:device_event_log_impl.cc(215)] [12:09:19.118] USB: usb_device_handle_win.cc:1045 Failed to read descriptor from node connection: 시스템에 부착된 장치가 작동하지 않습니다. (0x1F)
12월 06, 2022 12:12:55.648 [14908:11508:1206/121255.648:ERROR:device_event_log_impl.cc(215)] [12:12:55.647] USB: usb_device_handle_win.cc:1045 Failed to read descriptor from node connection: 시스템에 부착된 장치가 작동하지 않습니다. (0x1F)

12월 06, 2022 12:49:41.475 NEW SESSION
12월 06, 2022 12:49:41.475 [16540:11320:1206/124941.473:ERROR:device_event_log_impl.cc(215)] [12:49:41.473] USB: usb_device_handle_win.cc:1045 Failed to read descriptor from node connection: 시스템에 부착된 장치가 작동하지 않습니다. (0x1F)

12월 06, 2022 14:04:27.441 NEW SESSION
12월 06, 2022 14:04:27.441 [20248:10612:1206/140427.440:ERROR:device_event_log_impl.cc(215)] [14:04:27.441] USB: usb_device_handle_win.cc:1045 Failed to read descriptor from node connection: 시스템에 부착된 장치가 작동하지 않습니다. (0x1F)
12월 06, 2022 14:05:23.727 [20248:14896:1206/140523.726:ERROR:util.cc(133)] Can't create base directory: C:\Program Files\Google\GoogleUpdater
12월 06, 2022 14:07:16.352 [17424:19804:1206/140716.352:ERROR:device_event_log_impl.cc(215)] [14:07:16.352] USB: usb_device_handle_win.cc:1045 Failed to read descriptor from node connection: 시스템에 부착된 장치가 작동하지 않습니다. (0x1F)
12월 06, 2022 14:08:13.958 [17424:1448:1206/140813.958:ERROR:util.cc(133)] Can't create base directory: C:\Program Files\Google\GoogleUpdater
12월 06, 2022 14:15:41.488 [10244:11408:1206/141541.488:ERROR:device_event_log_impl.cc(215)] [14:15:41.487] USB: usb_device_handle_win.cc:1045 Failed to read descriptor from node connection: 시스템에 부착된 장치가 작동하지 않습니다. (0x1F)
12월 06, 2022 14:15:59.240 [18176:19464:1206/141559.239:ERROR:device_event_log_impl.cc(215)] [14:15:59.239] USB: usb_device_handle_win.cc:1045 Failed to read descriptor from node connection: 시스템에 부착된 장치가 작동하지 않습니다. (0x1F)
12월 06, 2022 14:16:22.913 [20980:1788:1206/141622.912:ERROR:device_event_log_impl.cc(215)] [14:16:22.912] USB: usb_device_handle_win.cc:1045 Failed to read descriptor from node connection: 시스템에 부착된 장치가 작동하지 않습니다. (0x1F)
12월 06, 2022 14:17:20.111 [20980:21500:1206/141720.110:ERROR:util.cc(133)] Can't create base directory: C:\Program Files\Google\GoogleUpdater
12월 06, 2022 14:19:12.673 [20492:12520:1206/141912.673:ERROR:device_event_log_impl.cc(215)] [14:19:12.673] USB: usb_device_handle_win.cc:1045 Failed to read descriptor from node connection: 시스템에 부착된 장치가 작동하지 않습니다. (0x1F)
12월 06, 2022 14:20:06.190 [20492:20760:1206/142006.190:ERROR:util.cc(133)] Can't create base directory: C:\Program Files\Google\GoogleUpdater
12월 06, 2022 14:21:11.442 [11672:13160:1206/142111.442:ERROR:device_event_log_impl.cc(215)] [14:21:11.441] USB: usb_device_handle_win.cc:1045 Failed to read descriptor from node connection: 시스템에 부착된 장치가 작동하지 않습니다. (0x1F)
12월 06, 2022 14:22:06.431 [11672:20756:1206/142206.430:ERROR:util.cc(133)] Can't create base directory: C:\Program Files\Google\GoogleUpdater
12월 06, 2022 14:23:12.352 [5584:19924:1206/142312.351:ERROR:device_event_log_impl.cc(215)] [14:23:12.351] USB: usb_device_handle_win.cc:1045 Failed to read descriptor from node connection: 시스템에 부착된 장치가 작동하지 않습니다. (0x1F)
12월 06, 2022 14:24:03.827 [19628:20444:1206/142403.826:ERROR:device_event_log_impl.cc(215)] [14:24:03.825] USB: usb_device_handle_win.cc:1045 Failed to read descriptor from node connection: 시스템에 부착된 장치가 작동하지 않습니다. (0x1F)
12월 06, 2022 14:24:56.879 [19628:20908:1206/142456.878:ERROR:util.cc(133)] Can't create base directory: C:\Program Files\Google\GoogleUpdater
12월 06, 2022 14:25:12.809 [20956:16540:1206/142512.808:ERROR:device_event_log_impl.cc(215)] [14:25:12.808] USB: usb_device_handle_win.cc:1045 Failed to read descriptor from node connection: 시스템에 부착된 장치가 작동하지 않습니다. (0x1F)
12월 06, 2022 14:25:26.363 [20528:11316:1206/142526.362:ERROR:device_event_log_impl.cc(215)] [14:25:26.362] USB: usb_device_handle_win.cc:1045 Failed to read descriptor from node connection: 시스템에 부착된 장치가 작동하지 않습니다. (0x1F)
12월 06, 2022 14:26:21.00 [20528:10844:1206/142620.999:ERROR:util.cc(133)] Can't create base directory: C:\Program Files\Google\GoogleUpdater
12월 06, 2022 14:49:57.786 [20784:15840:1206/144957.785:ERROR:device_event_log_impl.cc(215)] [14:49:57.785] USB: usb_device_handle_win.cc:1045 Failed to read descriptor from node connection: 시스템에 부착된 장치가 작동하지 않습니다. (0x1F)
12월 06, 2022 14:50:53.135 [20784:19568:1206/145053.133:ERROR:util.cc(133)] Can't create base directory: C:\Program Files\Google\GoogleUpdater
12월 06, 2022 15:01:22.311 [15716:12036:1206/150122.311:ERROR:device_event_log_impl.cc(215)] [15:01:22.311] USB: usb_device_handle_win.cc:1045 Failed to read descriptor from node connection: 시스템에 부착된 장치가 작동하지 않습니다. (0x1F)
12월 06, 2022 15:02:14.382 [15716:10084:1206/150214.381:ERROR:util.cc(133)] Can't create base directory: C:\Program Files\Google\GoogleUpdater
12월 06, 2022 15:04:20.679 [19628:1952:1206/150420.678:ERROR:device_event_log_impl.cc(215)] [15:04:20.679] USB: usb_device_handle_win.cc:1045 Failed to read descriptor from node connection: 시스템에 부착된 장치가 작동하지 않습니다. (0x1F)
12월 06, 2022 15:04:28.352 [20396:18600:1206/150428.352:ERROR:device_event_log_impl.cc(215)] [15:04:28.351] USB: usb_device_handle_win.cc:1045 Failed to read descriptor from node connection: 시스템에 부착된 장치가 작동하지 않습니다. (0x1F)
12월 06, 2022 15:05:24.303 [20396:7380:1206/150524.302:ERROR:util.cc(133)] Can't create base directory: C:\Program Files\Google\GoogleUpdater
12월 06, 2022 15:12:36.392 [15908:7980:1206/151236.391:ERROR:device_event_log_impl.cc(215)] [15:12:36.391] USB: usb_device_handle_win.cc:1045 Failed to read descriptor from node connection: 시스템에 부착된 장치가 작동하지 않습니다. (0x1F)
12월 06, 2022 15:13:33.600 [15908:20664:1206/151333.599:ERROR:util.cc(133)] Can't create base directory: C:\Program Files\Google\GoogleUpdater
12월 06, 2022 15:16:52.137 [21156:2636:1206/151652.136:ERROR:device_event_log_impl.cc(215)] [15:16:52.136] USB: usb_device_handle_win.cc:1045 Failed to read descriptor from node connection: 시스템에 부착된 장치가 작동하지 않습니다. (0x1F)
12월 06, 2022 15:17:41.935 [21156:20776:1206/151741.935:ERROR:util.cc(133)] Can't create base directory: C:\Program Files\Google\GoogleUpdater
12월 06, 2022 15:20:04.585 [20412:21400:1206/152004.584:ERROR:device_event_log_impl.cc(215)] [15:20:04.584] USB: usb_device_handle_win.cc:1045 Failed to read descriptor from node connection: 시스템에 부착된 장치가 작동하지 않습니다. (0x1F)
12월 06, 2022 15:20:59.720 [20412:21312:1206/152059.719:ERROR:util.cc(133)] Can't create base directory: C:\Program Files\Google\GoogleUpdater
12월 06, 2022 15:23:19.901 [20120:17064:1206/152319.901:ERROR:device_event_log_impl.cc(215)] [15:23:19.901] USB: usb_device_handle_win.cc:1045 Failed to read descriptor from node connection: 시스템에 부착된 장치가 작동하지 않습니다. (0x1F)
12월 06, 2022 15:24:17.103 [20120:20452:1206/152417.103:ERROR:util.cc(133)] Can't create base directory: C:\Program Files\Google\GoogleUpdater
12월 06, 2022 15:28:39.167 [19068:2968:1206/152839.167:ERROR:device_event_log_impl.cc(215)] [15:28:39.167] USB: usb_device_handle_win.cc:1045 Failed to read descriptor from node connection: 시스템에 부착된 장치가 작동하지 않습니다. (0x1F)
12월 06, 2022 15:29:33.896 [19068:20952:1206/152933.896:ERROR:util.cc(133)] Can't create base directory: C:\Program Files\Google\GoogleUpdater
12월 06, 2022 15:41:12.593 [6444:17228:1206/154112.592:ERROR:device_event_log_impl.cc(215)] [15:41:12.593] USB: usb_device_handle_win.cc:1045 Failed to read descriptor from node connection: 시스템에 부착된 장치가 작동하지 않습니다. (0x1F)
12월 06, 2022 15:42:10.15 [6444:19084:1206/154210.014:ERROR:util.cc(133)] Can't create base directory: C:\Program Files\Google\GoogleUpdater
12월 06, 2022 15:44:38.482 [15164:12700:1206/154438.481:ERROR:device_event_log_impl.cc(215)] [15:44:38.481] USB: usb_device_handle_win.cc:1045 Failed to read descriptor from node connection: 시스템에 부착된 장치가 작동하지 않습니다. (0x1F)
12월 06, 2022 15:45:33.519 [15164:20748:1206/154533.519:ERROR:util.cc(133)] Can't create base directory: C:\Program Files\Google\GoogleUpdater
12월 06, 2022 15:46:02.360 [13600:17508:1206/154602.360:ERROR:device_event_log_impl.cc(215)] [15:46:02.360] USB: usb_device_handle_win.cc:1045 Failed to read descriptor from node connection: 시스템에 부착된 장치가 작동하지 않습니다. (0x1F)
12월 06, 2022 15:46:59.983 [13600:15676:1206/154659.982:ERROR:util.cc(133)] Can't create base directory: C:\Program Files\Google\GoogleUpdater

12월 06, 2022 17:34:13.427 NEW SESSION
12월 06, 2022 17:34:13.427 [19844:21056:1206/173413.425:ERROR:device_event_log_impl.cc(215)] [17:34:13.425] USB: usb_device_handle_win.cc:1045 Failed to read descriptor from node connection: 시스템에 부착된 장치가 작동하지 않습니다. (0x1F)
12월 06, 2022 17:35:13.48 [11412:21332:1206/173513.048:ERROR:device_event_log_impl.cc(215)] [17:35:13.048] USB: usb_device_handle_win.cc:1045 Failed to read descriptor from node connection: 시스템에 부착된 장치가 작동하지 않습니다. (0x1F)
12월 06, 2022 17:36:08.343 [11412:11008:1206/173608.342:ERROR:util.cc(133)] Can't create base directory: C:\Program Files\Google\GoogleUpdater
12월 06, 2022 18:48:53.514 [11412:21332:1206/184853.513:ERROR:device_event_log_impl.cc(215)] [18:48:53.510] USB: usb_service_win.cc:104 SetupDiGetDeviceProperty({{A45C254E-DF1C-4EFD-8020-67D146A850E0}, 6}) failed: 요소가 없습니다. (0x490)

12월 07, 2022 09:43:25.661 NEW SESSION
12월 07, 2022 09:43:25.661 [20552:22632:1207/094325.660:ERROR:device_event_log_impl.cc(215)] [09:43:25.660] Bluetooth: bluetooth_adapter_winrt.cc:1074 Getting Default Adapter failed.
12월 07, 2022 10:02:09.998 [15424:23048:1207/100209.998:ERROR:device_event_log_impl.cc(215)] [10:02:09.998] Bluetooth: bluetooth_adapter_winrt.cc:1074 Getting Default Adapter failed.
12월 07, 2022 10:26:41.188 [12100:21904:1207/102641.188:ERROR:device_event_log_impl.cc(215)] [10:26:41.188] Bluetooth: bluetooth_adapter_winrt.cc:1074 Getting Default Adapter failed.
12월 07, 2022 10:32:19.873 [13572:7212:1207/103219.873:ERROR:device_event_log_impl.cc(215)] [10:32:19.873] Bluetooth: bluetooth_adapter_winrt.cc:1074 Getting Default Adapter failed.
12월 07, 2022 10:33:17.278 [13572:23156:1207/103317.278:ERROR:util.cc(129)] Can't create base directory: C:\Program Files\Google\GoogleUpdater

12월 07, 2022 11:52:28.133 NEW SESSION
12월 07, 2022 11:52:28.133 [24824:23996:1207/115228.131:ERROR:device_event_log_impl.cc(215)] [11:52:28.132] Bluetooth: bluetooth_adapter_winrt.cc:1074 Getting Default Adapter failed.
12월 07, 2022 11:54:12.650 [15908:4220:1207/115412.650:ERROR:device_event_log_impl.cc(215)] [11:54:12.650] Bluetooth: bluetooth_adapter_winrt.cc:1074 Getting Default Adapter failed.
12월 07, 2022 12:08:33.86 [23924:24112:1207/120833.086:ERROR:device_event_log_impl.cc(215)] [12:08:33.086] Bluetooth: bluetooth_adapter_winrt.cc:1074 Getting Default Adapter failed.
12월 07, 2022 12:09:30.850 [23924:24128:1207/120930.850:ERROR:util.cc(129)] Can't create base directory: C:\Program Files\Google\GoogleUpdater
12월 07, 2022 12:40:16.414 [24024:25360:1207/124016.413:ERROR:device_event_log_impl.cc(215)] [12:40:16.412] Bluetooth: bluetooth_adapter_winrt.cc:1074 Getting Default Adapter failed.
12월 07, 2022 13:51:41.56 [16056:12920:1207/135141.055:ERROR:device_event_log_impl.cc(215)] [13:51:41.056] Bluetooth: bluetooth_adapter_winrt.cc:1074 Getting Default Adapter failed.
12월 07, 2022 13:53:05.385 [25448:26504:1207/135305.384:ERROR:device_event_log_impl.cc(215)] [13:53:05.384] Bluetooth: bluetooth_adapter_winrt.cc:1074 Getting Default Adapter failed.
12월 07, 2022 13:53:10.481 [24096:14628:1207/135310.481:ERROR:device_event_log_impl.cc(215)] [13:53:10.481] Bluetooth: bluetooth_adapter_winrt.cc:1074 Getting Default Adapter failed.
12월 07, 2022 13:53:52.55 [27080:19924:1207/135352.055:ERROR:device_event_log_impl.cc(215)] [13:53:52.054] Bluetooth: bluetooth_adapter_winrt.cc:1074 Getting Default Adapter failed.
12월 07, 2022 13:55:00.518 [24720:16644:1207/135500.518:ERROR:device_event_log_impl.cc(215)] [13:55:00.518] Bluetooth: bluetooth_adapter_winrt.cc:1074 Getting Default Adapter failed.

12월 07, 2022 14:09:32.820 NEW SESSION
12월 07, 2022 14:09:32.820 [11184:24632:1207/140932.819:ERROR:device_event_log_impl.cc(215)] [14:09:32.819] Bluetooth: bluetooth_adapter_winrt.cc:1074 Getting Default Adapter failed.
12월 07, 2022 14:10:30.433 [11184:22300:1207/141030.433:ERROR:util.cc(133)] Can't create base directory: C:\Program Files\Google\GoogleUpdater
12월 07, 2022 14:22:22.841 [26440:7436:1207/142222.840:ERROR:device_event_log_impl.cc(215)] [14:22:22.840] Bluetooth: bluetooth_adapter_winrt.cc:1074 Getting Default Adapter failed.
12월 07, 2022 14:23:20.809 [26440:28456:1207/142320.809:ERROR:util.cc(133)] Can't create base directory: C:\Program Files\Google\GoogleUpdater

12월 07, 2022 17:38:43.59 NEW SESSION
12월 07, 2022 17:38:43.59 [24012:20580:1207/173843.057:ERROR:device_event_log_impl.cc(215)] [17:38:43.057] Bluetooth: bluetooth_adapter_winrt.cc:1074 Getting Default Adapter failed.
12월 07, 2022 17:39:40.604 [24012:22784:1207/173940.603:ERROR:util.cc(133)] Can't create base directory: C:\Program Files\Google\GoogleUpdater
12월 07, 2022 17:47:52.977 [19336:9952:1207/174752.976:ERROR:device_event_log_impl.cc(215)] [17:47:52.976] Bluetooth: bluetooth_adapter_winrt.cc:1074 Getting Default Adapter failed.
12월 07, 2022 17:48:50.907 [19336:22440:1207/174850.907:ERROR:util.cc(133)] Can't create base directory: C:\Program Files\Google\GoogleUpdater
12월 07, 2022 17:52:27.487 [6804:27664:1207/175227.486:ERROR:device_event_log_impl.cc(215)] [17:52:27.486] Bluetooth: bluetooth_adapter_winrt.cc:1074 Getting Default Adapter failed.
12월 07, 2022 17:53:25.410 [6804:15520:1207/175325.410:ERROR:util.cc(133)] Can't create base directory: C:\Program Files\Google\GoogleUpdater
12월 07, 2022 18:05:20.912 [17508:14484:1207/180520.912:ERROR:device_event_log_impl.cc(215)] [18:05:20.912] Bluetooth: bluetooth_adapter_winrt.cc:1074 Getting Default Adapter failed.
12월 07, 2022 18:06:18.827 [17508:2280:1207/180618.826:ERROR:util.cc(133)] Can't create base directory: C:\Program Files\Google\GoogleUpdater
12월 07, 2022 18:10:18.882 [10368:2816:1207/181018.882:ERROR:device_event_log_impl.cc(215)] [18:10:18.883] Bluetooth: bluetooth_adapter_winrt.cc:1074 Getting Default Adapter failed.
12월 07, 2022 18:11:16.803 [10368:25048:1207/181116.801:ERROR:util.cc(133)] Can't create base directory: C:\Program Files\Google\GoogleUpdater
12월 07, 2022 18:19:57.440 [17700:27804:1207/181957.439:ERROR:device_event_log_impl.cc(215)] [18:19:57.439] Bluetooth: bluetooth_adapter_winrt.cc:1074 Getting Default Adapter failed.
12월 07, 2022 18:20:55.233 [17700:7612:1207/182055.233:ERROR:util.cc(133)] Can't create base directory: C:\Program Files\Google\GoogleUpdater

12월 07, 2022 18:43:49.112 NEW SESSION
12월 07, 2022 18:43:49.112 [14580:27052:1207/184349.111:ERROR:device_event_log_impl.cc(215)] [18:43:49.111] Bluetooth: bluetooth_adapter_winrt.cc:1074 Getting Default Adapter failed.
12월 07, 2022 18:44:47.33 [14580:6536:1207/184447.033:ERROR:util.cc(133)] Can't create base directory: C:\Program Files\Google\GoogleUpdater
12월 07, 2022 18:46:05.179 [26904:25108:1207/184605.178:ERROR:device_event_log_impl.cc(215)] [18:46:05.178] Bluetooth: bluetooth_adapter_winrt.cc:1074 Getting Default Adapter failed.
12월 07, 2022 18:47:03.91 [26904:26208:1207/184703.091:ERROR:util.cc(133)] Can't create base directory: C:\Program Files\Google\GoogleUpdater
12월 07, 2022 18:52:40.351 [16872:672:1207/185240.351:ERROR:device_event_log_impl.cc(215)] [18:52:40.350] Bluetooth: bluetooth_adapter_winrt.cc:1074 Getting Default Adapter failed.
12월 07, 2022 18:53:38.356 [16872:27892:1207/185338.356:ERROR:util.cc(133)] Can't create base directory: C:\Program Files\Google\GoogleUpdater
